<?xml version="1.0" encoding="UTF-8"?>
<testng-results skipped="0" failed="0" total="1" passed="1">
  <reporter-output>
  </reporter-output>
  <suite name="Default suite" duration-ms="45510" started-at="2021-06-22T03:48:37Z" finished-at="2021-06-22T03:49:22Z">
    <groups>
    </groups>
    <test name="Default test" duration-ms="45510" started-at="2021-06-22T03:48:37Z" finished-at="2021-06-22T03:49:22Z">
      <class name="com.test.Verify_addpro">
        <test-method status="PASS" signature="verifylogin()[pri:0, instance:com.test.Verify_addpro@28864e92]" name="verifylogin" duration-ms="45481" started-at="2021-06-22T09:18:37Z" finished-at="2021-06-22T09:19:22Z">
          <reporter-output>
          </reporter-output>
        </test-method> <!-- verifylogin -->
      </class> <!-- com.test.Verify_addpro -->
    </test> <!-- Default test -->
  </suite> <!-- Default suite -->
</testng-results>
